<?xml version="1.0" encoding="UTF-8"?>
<!-- Generated by org.testng.reporters.JUnitReportReporter -->
<testsuite hostname="Swapna-PC" name="test.stringhandling.NewTest" tests="4" failures="0" timestamp="24 Oct 2016 07:25:47 GMT" time="0.041" errors="0">
  <testcase name="TestStringWithSplchars" time="0.003" classname="test.stringhandling.NewTest"/>
  <testcase name="TestNull" time="0.026" classname="test.stringhandling.NewTest"/>
  <testcase name="TestStringWithCharacters" time="0.008" classname="test.stringhandling.NewTest"/>
  <testcase name="TestStringWithNums" time="0.004" classname="test.stringhandling.NewTest"/>
</testsuite> <!-- test.stringhandling.NewTest -->
